<?xml version="1.0" encoding="UTF-8"?>
<testng-results ignored="0" total="1" passed="1" failed="0" skipped="0">
  <reporter-output>
  </reporter-output>
  <suite started-at="2022-06-20T15:25:07 SAST" name="Surefire suite" finished-at="2022-06-20T15:25:18 SAST" duration-ms="10949">
    <groups>
    </groups>
    <test started-at="2022-06-20T15:25:07 SAST" name="Surefire test" finished-at="2022-06-20T15:25:18 SAST" duration-ms="10949">
      <class name="selenium.SeleniumTest">
        <test-method signature="firstTest()[pri:0, instance:selenium.SeleniumTest@1e730495]" started-at="2022-06-20T15:25:07 SAST" name="firstTest" finished-at="2022-06-20T15:25:18 SAST" duration-ms="10911" status="PASS">
          <reporter-output>
          </reporter-output>
        </test-method> <!-- firstTest -->
      </class> <!-- selenium.SeleniumTest -->
    </test> <!-- Surefire test -->
  </suite> <!-- Surefire suite -->
</testng-results>
